ERROR:root:FIXME: Unimplemented - put('hello', 'my name is jbiebs')
ERROR:root:FIXME: Unimplemented - get('hello')
INFO:root:Constructing parser
INFO:root:Constructing parser
INFO:root:Constructing parser
INFO:root:Constructing parser
INFO:root:Constructing parser
DEBUG:root:Constructing put subparser
INFO:root:Constructing parser
DEBUG:root:Constructing put subparser
INFO:root:Constructing parser
DEBUG:root:Constructing put subparser
INFO:root:Constructing parser
DEBUG:root:Constructing put subparser
INFO:root:Constructing parser
DEBUG:root:Constructing put subparser
INFO:root:Constructing parser
DEBUG:root:Constructing put subparser
DEBUG:root:Constructiong get subparser
INFO:root:Constructing parser
DEBUG:root:Constructing put subparser
DEBUG:root:Constructiong get subparser
INFO:root:Constructing parser
DEBUG:root:Constructing put subparser
DEBUG:root:Constructiong get subparser
ERROR:root:FIXME: Unimplemented - put('list', 'snippet for example')
INFO:root:Constructing parser
DEBUG:root:Constructing put subparser
DEBUG:root:Constructiong get subparser
ERROR:root:FIXME: Unimplemented - get('list')
